build/intermediates/manifest_merge_blame_file/release/manifest-merger-blame-release-report.txt
1<?xml version="1.0" encoding="utf-8"?>
2<manifest xmlns:android="http://schemas.android.com/apk/res/android"
3    package="com.android.HelloH5"
4    android:versionCode="1"
5    android:versionName="1.0" >
6
7    <uses-sdk
8        android:minSdkVersion="21"
8-->src\main\AndroidManifest.xml
9        android:targetSdkVersion="26" />
9-->src\main\AndroidManifest.xml
10
11    <!-- Barcode(二维码)  begin -->
12    <uses-permission android:name="android.permission.CAMERA" />
12-->src\main\AndroidManifest.xml:7:5-65
12-->src\main\AndroidManifest.xml:7:22-62
13    <uses-permission android:name="android.permission.WRITE_EXTERNAL_STORAGE" />
13-->src\main\AndroidManifest.xml:8:5-81
13-->src\main\AndroidManifest.xml:8:22-78
14
15    <uses-feature android:name="android.hardware.camera" />
15-->src\main\AndroidManifest.xml:9:5-60
15-->src\main\AndroidManifest.xml:9:19-57
16    <uses-feature android:name="android.hardware.camera.autofocus" />
16-->src\main\AndroidManifest.xml:10:5-70
16-->src\main\AndroidManifest.xml:10:19-67
17
18    <uses-permission android:name="android.permission.VIBRATE" />
18-->src\main\AndroidManifest.xml:11:5-66
18-->src\main\AndroidManifest.xml:11:22-63
19    <uses-permission android:name="android.permission.FLASHLIGHT" />
19-->src\main\AndroidManifest.xml:12:5-69
19-->src\main\AndroidManifest.xml:12:22-66
20    <!-- Barcode(二维码)  end -->
21
22    <uses-permission android:name="android.permission.USE_FINGERPRINT" />
22-->src\main\AndroidManifest.xml:15:5-73
22-->src\main\AndroidManifest.xml:15:22-71
23
24    <!-- Maps(地图) begin -->
25    <!-- Maps - 百度地图 begin -->
26    <uses-permission android:name="android.permission.INTERNET" />
26-->src\main\AndroidManifest.xml:19:5-67
26-->src\main\AndroidManifest.xml:19:22-64
27    <uses-permission android:name="android.permission.WRITE_EXTERNAL_STORAGE" />
27-->src\main\AndroidManifest.xml:8:5-81
27-->src\main\AndroidManifest.xml:8:22-78
28    <uses-permission android:name="android.permission.ACCESS_COARSE_LOCATION" />
28-->src\main\AndroidManifest.xml:21:5-81
28-->src\main\AndroidManifest.xml:21:22-78
29    <uses-permission android:name="android.permission.ACCESS_FINE_LOCATION" />
29-->src\main\AndroidManifest.xml:22:5-79
29-->src\main\AndroidManifest.xml:22:22-76
30    <uses-permission android:name="android.permission.WRITE_SETTINGS" />
30-->src\main\AndroidManifest.xml:23:5-73
30-->src\main\AndroidManifest.xml:23:22-70
31    <uses-permission android:name="android.permission.ACCESS_NETWORK_STATE" />
31-->src\main\AndroidManifest.xml:24:5-79
31-->src\main\AndroidManifest.xml:24:22-76
32    <uses-permission android:name="android.permission.CHANGE_WIFI_STATE" />
32-->src\main\AndroidManifest.xml:25:5-76
32-->src\main\AndroidManifest.xml:25:22-73
33    <uses-permission android:name="android.permission.READ_PHONE_STATE" />
33-->src\main\AndroidManifest.xml:26:5-75
33-->src\main\AndroidManifest.xml:26:22-72
34    <uses-permission android:name="android.permission.MOUNT_UNMOUNT_FILESYSTEMS" />
34-->src\main\AndroidManifest.xml:27:5-84
34-->src\main\AndroidManifest.xml:27:22-81
35    <uses-permission android:name="android.permission.READ_LOGS" />
35-->src\main\AndroidManifest.xml:28:5-68
35-->src\main\AndroidManifest.xml:28:22-65
36    <!-- Maps(地图) end -->
37
38
39    <!-- Push(推送)只能选择一个推送组件 -->
40    <!-- Push(推送)-MKeyPush begin -->
41    <!--
42    <uses-permission android:name="android.permission.INTERNET"/>
43    <uses-permission android:name="android.permission.ACCESS_WIFI_STATE"/>
44    <uses-permission android:name="android.permission.ACCESS_NETWORK_STATE"/>
45    <uses-permission android:name="android.permission.READ_PHONE_STATE"/>
46    -->
47    <!-- Push(推送)-MKeyPush  end -->
48
49
50    <!-- 小米推送 -->
51    <!--
52    <uses-permission android:name="android.permission.INTERNET"/>
53    <uses-permission android:name="android.permission.ACCESS_NETWORK_STATE"/>
54    <uses-permission android:name="android.permission.ACCESS_WIFI_STATE"/>
55    <uses-permission android:name="android.permission.READ_PHONE_STATE"/>
56    <uses-permission android:name="android.permission.GET_TASKS"/>
57    <uses-permission android:name="android.permission.VIBRATE"/>
58    <uses-permission android:name="android.permission.GET_TASKS"/>
59    <uses-permission android:name="android.permission.INTERACT_ACROSS_USERS_FULL"/>
60    <uses-permission android:name="android.permission.GET_TOP_ACTIVITY_INFO"/>
61    <uses-permission android:name="com.HBuilder.integrate.permission.MIPUSH_RECEIVE"/>
62    <permission android:name="com.HBuilder.integrate.permission.MIPUSH_RECEIVE" android:protectionLevel="signature"/>
63    -->
64    <!-- 小米推送 end -->
65
66
67    <!-- Share(分享)  begin -->
68    <!-- Share - 新浪微博分享 -->
69    <uses-permission android:name="android.permission.CHANGE_WIFI_STATE" />
69-->src\main\AndroidManifest.xml:25:5-76
69-->src\main\AndroidManifest.xml:25:22-73
70    <uses-permission android:name="android.permission.ACCESS_WIFI_STATE" />
70-->src\main\AndroidManifest.xml:62:5-76
70-->src\main\AndroidManifest.xml:62:22-73
71    <uses-permission android:name="android.permission.ACCESS_NETWORK_STATE" />
71-->src\main\AndroidManifest.xml:24:5-79
71-->src\main\AndroidManifest.xml:24:22-76
72    <!-- Share - 腾讯微博分享 -->
73    <uses-permission android:name="android.permission.ACCESS_NETWORK_STATE" />
73-->src\main\AndroidManifest.xml:24:5-79
73-->src\main\AndroidManifest.xml:24:22-76
74    <uses-permission android:name="android.permission.ACCESS_WIFI_STATE" />
74-->src\main\AndroidManifest.xml:62:5-76
74-->src\main\AndroidManifest.xml:62:22-73
75    <uses-permission android:name="android.permission.CHANGE_WIFI_STATE" />
75-->src\main\AndroidManifest.xml:25:5-76
75-->src\main\AndroidManifest.xml:25:22-73
76    <uses-permission android:name="android.permission.ACCESS_COARSE_LOCATION" />
76-->src\main\AndroidManifest.xml:21:5-81
76-->src\main\AndroidManifest.xml:21:22-78
77    <uses-permission android:name="android.permission.ACCESS_FINE_LOCATION" />
77-->src\main\AndroidManifest.xml:22:5-79
77-->src\main\AndroidManifest.xml:22:22-76
78    <uses-permission android:name="android.permission.ACCESS_MOCK_LOCATION" />
78-->src\main\AndroidManifest.xml:70:5-79
78-->src\main\AndroidManifest.xml:70:22-76
79    <!-- Share - 微信分享 -->
80    <uses-permission android:name="android.permission.MODIFY_AUDIO_SETTINGS" />
80-->src\main\AndroidManifest.xml:72:5-80
80-->src\main\AndroidManifest.xml:72:22-77
81    <!-- Push(推送)   end -->
82
83
84    <!-- Speech(语音识别)  begin -->
85    <!-- Speech - 讯飞语音云 -->
86    <uses-permission android:name="android.permission.INTERNET" />
86-->src\main\AndroidManifest.xml:19:5-67
86-->src\main\AndroidManifest.xml:19:22-64
87    <uses-permission android:name="android.permission.WRITE_EXTERNAL_STORAGE" />
87-->src\main\AndroidManifest.xml:8:5-81
87-->src\main\AndroidManifest.xml:8:22-78
88    <uses-permission android:name="android.permission.RECORD_AUDIO" />
88-->src\main\AndroidManifest.xml:80:5-71
88-->src\main\AndroidManifest.xml:80:22-68
89    <uses-permission android:name="android.permission.ACCESS_NETWORK_STATE" />
89-->src\main\AndroidManifest.xml:24:5-79
89-->src\main\AndroidManifest.xml:24:22-76
90    <uses-permission android:name="android.permission.ACCESS_WIFI_STATE" />
90-->src\main\AndroidManifest.xml:62:5-76
90-->src\main\AndroidManifest.xml:62:22-73
91    <uses-permission android:name="android.permission.CHANGE_NETWORK_STATE" />
91-->src\main\AndroidManifest.xml:83:5-79
91-->src\main\AndroidManifest.xml:83:22-76
92    <uses-permission android:name="android.permission.READ_PHONE_STATE" />
92-->src\main\AndroidManifest.xml:26:5-75
92-->src\main\AndroidManifest.xml:26:22-72
93    <!-- Speech(语音识别)  end -->
94
95
96    <!-- Statistic(统计)  begin -->
97    <!-- Statistic - 友盟统计 -->
98    <uses-permission android:name="android.permission.READ_LOGS" />
98-->src\main\AndroidManifest.xml:28:5-68
98-->src\main\AndroidManifest.xml:28:22-65
99    <uses-permission android:name="android.permission.RECEIVE_BOOT_COMPLETED" />
99-->src\main\AndroidManifest.xml:91:5-81
99-->src\main\AndroidManifest.xml:91:22-78
100    <uses-permission android:name="android.permission.RECEIVE_USER_PRESENT" />
100-->src\main\AndroidManifest.xml:92:5-79
100-->src\main\AndroidManifest.xml:92:22-76
101    <!-- Statistic(统计)  end -->
102
103
104    <!-- 小米分享 -->
105    <uses-permission android:name="com.xiaomi.permission.AUTH_SERVICE" />
105-->src\main\AndroidManifest.xml:96:5-74
105-->src\main\AndroidManifest.xml:96:22-71
106
107    <!-- 蓝牙 ibeacon权限 -->
108    <uses-permission android:name="android.permission.ACCESS_COARSE_LOCATION" />
108-->src\main\AndroidManifest.xml:21:5-81
108-->src\main\AndroidManifest.xml:21:22-78
109    <uses-permission android:name="android.permission.ACCESS_FINE_LOCATION" />
109-->src\main\AndroidManifest.xml:22:5-79
109-->src\main\AndroidManifest.xml:22:22-76
110    <uses-permission android:name="android.permission.BLUETOOTH_ADMIN" />
110-->src\main\AndroidManifest.xml:101:5-74
110-->src\main\AndroidManifest.xml:101:22-71
111    <uses-permission android:name="android.permission.BLUETOOTH" />
111-->src\main\AndroidManifest.xml:102:5-68
111-->src\main\AndroidManifest.xml:102:22-65
112
113    <!-- 基座删除的部分权限 -->
114    <uses-permission android:name="android.permission.GET_TASKS" />
114-->src\main\AndroidManifest.xml:105:5-68
114-->src\main\AndroidManifest.xml:105:22-65
115    <uses-permission android:name="android.permission.CHANGE_NETWORK_STATE" />
115-->src\main\AndroidManifest.xml:83:5-79
115-->src\main\AndroidManifest.xml:83:22-76
116    <uses-permission android:name="android.permission.READ_CONTACTS" />
116-->src\main\AndroidManifest.xml:107:5-72
116-->src\main\AndroidManifest.xml:107:22-69
117    <uses-permission android:name="android.permission.ACCESS_WIFI_STATE" />
117-->src\main\AndroidManifest.xml:62:5-76
117-->src\main\AndroidManifest.xml:62:22-73
118
119    <uses-feature android:name="android.hardware.camera.autofocus" />
119-->src\main\AndroidManifest.xml:10:5-70
119-->src\main\AndroidManifest.xml:10:19-67
120
121    <uses-permission android:name="android.permission.WRITE_CONTACTS" />
121-->src\main\AndroidManifest.xml:110:5-73
121-->src\main\AndroidManifest.xml:110:22-70
122    <uses-permission android:name="android.permission.CAMERA" />
122-->src\main\AndroidManifest.xml:7:5-65
122-->src\main\AndroidManifest.xml:7:22-62
123    <uses-permission android:name="android.permission.GET_ACCOUNTS" />
123-->src\main\AndroidManifest.xml:112:5-71
123-->src\main\AndroidManifest.xml:112:22-68
124    <uses-permission android:name="android.permission.RECORD_AUDIO" />
124-->src\main\AndroidManifest.xml:80:5-71
124-->src\main\AndroidManifest.xml:80:22-68
125    <uses-permission android:name="android.permission.SEND_SMS" />
125-->src\main\AndroidManifest.xml:114:5-67
125-->src\main\AndroidManifest.xml:114:22-64
126    <uses-permission android:name="android.permission.READ_PHONE_STATE" />
126-->src\main\AndroidManifest.xml:26:5-75
126-->src\main\AndroidManifest.xml:26:22-72
127    <uses-permission android:name="android.permission.FLASHLIGHT" />
127-->src\main\AndroidManifest.xml:12:5-69
127-->src\main\AndroidManifest.xml:12:22-66
128
129    <uses-feature android:name="android.hardware.camera" />
129-->src\main\AndroidManifest.xml:9:5-60
129-->src\main\AndroidManifest.xml:9:19-57
130
131    <uses-permission android:name="android.permission.WRITE_SMS" />
131-->src\main\AndroidManifest.xml:118:5-68
131-->src\main\AndroidManifest.xml:118:22-65
132    <uses-permission android:name="android.permission.READ_SMS" />
132-->src\main\AndroidManifest.xml:119:5-67
132-->src\main\AndroidManifest.xml:119:22-64
133
134    <supports-screens
134-->[alipaysdk-noutdid-15.8.03.210428205839.aar] AndroidManifest.xml:7:5-12:39
135        android:anyDensity="true"
135-->[alipaysdk-noutdid-15.8.03.210428205839.aar] AndroidManifest.xml:8:9-34
136        android:largeScreens="true"
136-->[alipaysdk-noutdid-15.8.03.210428205839.aar] AndroidManifest.xml:9:9-36
137        android:normalScreens="true"
137-->[alipaysdk-noutdid-15.8.03.210428205839.aar] AndroidManifest.xml:10:9-37
138        android:resizeable="true"
138-->[alipaysdk-noutdid-15.8.03.210428205839.aar] AndroidManifest.xml:11:9-34
139        android:smallScreens="true" />
139-->[alipaysdk-noutdid-15.8.03.210428205839.aar] AndroidManifest.xml:12:9-36
140
141    <uses-permission android:name="android.permission.READ_EXTERNAL_STORAGE" /> <!-- 自定义权限 -->
142    <uses-permission android:name="getui.permission.GetuiService.com.android.HelloH5" />
142-->[aps-unipush-release.aar] AndroidManifest.xml:10:5-86
142-->[aps-unipush-release.aar] AndroidManifest.xml:10:22-83
143
144    <permission
144-->[aps-unipush-release.aar] AndroidManifest.xml:12:5-14:47
145        android:name="getui.permission.GetuiService.com.android.HelloH5"
145-->[aps-unipush-release.aar] AndroidManifest.xml:13:9-70
146        android:protectionLevel="signature" /> <!-- oppo android12  需要 alarm权限 -->
146-->[aps-unipush-release.aar] AndroidManifest.xml:14:9-44
147    <uses-permission android:name="android.permission.SCHEDULE_EXACT_ALARM" /> <!-- vivo角标 -->
147-->[gtsdk-3.2.9.0.aar] AndroidManifest.xml:19:5-79
147-->[gtsdk-3.2.9.0.aar] AndroidManifest.xml:19:22-76
148    <uses-permission android:name="com.vivo.notification.permission.BADGE_ICON" />
148-->[gtsdk-3.2.9.0.aar] AndroidManifest.xml:24:5-83
148-->[gtsdk-3.2.9.0.aar] AndroidManifest.xml:24:22-80
149    <!--
150    <uses-permission
151        android:name="com.android.launcher.permission.UNINSTALL_SHORTCUT" />
152    -->
153    <!-- 华为修改角标需要设置权限 -->
154    <uses-permission android:name="com.huawei.android.launcher.permission.CHANGE_BADGE" />
154-->[lib.5plus.base-release.aar] AndroidManifest.xml:24:5-91
154-->[lib.5plus.base-release.aar] AndroidManifest.xml:24:22-88
155
156    <queries>
156-->[lib.5plus.base-release.aar] AndroidManifest.xml:28:5-37:15
157        <intent>
157-->[lib.5plus.base-release.aar] AndroidManifest.xml:29:9-31:18
158            <action android:name="android.intent.action.MAIN" />
158-->src\main\AndroidManifest.xml:140:17-69
158-->src\main\AndroidManifest.xml:140:25-66
159        </intent>
160        <intent>
160-->[lib.5plus.base-release.aar] AndroidManifest.xml:32:9-36:18
161            <action android:name="android.intent.action.VIEW" />
161-->src\main\AndroidManifest.xml:184:17-69
161-->src\main\AndroidManifest.xml:184:25-66
162
163            <category android:name="android.intent.category.DEFAULT" />
163-->src\main\AndroidManifest.xml:186:17-76
163-->src\main\AndroidManifest.xml:186:27-73
164        </intent>
165
166        <package android:name="com.tencent.mobileqq" />
166-->[oauth-qq-release.aar] AndroidManifest.xml:10:9-56
166-->[oauth-qq-release.aar] AndroidManifest.xml:10:18-53
167        <package android:name="com.tencent.mm" />
167-->[oauth-weixin-release.aar] AndroidManifest.xml:10:9-50
167-->[oauth-weixin-release.aar] AndroidManifest.xml:10:18-47
168        <package android:name="com.eg.android.AlipayGphone" />
168-->[payment-alipay-release.aar] AndroidManifest.xml:10:9-63
168-->[payment-alipay-release.aar] AndroidManifest.xml:10:18-60
169        <package android:name="hk.alipay.wallet" />
169-->[payment-alipay-release.aar] AndroidManifest.xml:11:9-52
169-->[payment-alipay-release.aar] AndroidManifest.xml:11:18-49
170    </queries> <!-- 魅族 -->
171    <uses-permission android:name="com.meizu.flyme.push.permission.RECEIVE" />
171-->[mzp-3.2.0.aar] AndroidManifest.xml:12:5-79
171-->[mzp-3.2.0.aar] AndroidManifest.xml:12:22-76
172    <uses-permission android:name="com.meizu.c2dm.permission.RECEIVE" />
172-->[mzp-3.2.0.aar] AndroidManifest.xml:13:5-73
172-->[mzp-3.2.0.aar] AndroidManifest.xml:13:22-70
173    <uses-permission android:name="com.android.HelloH5.push.permission.MESSAGE" />
173-->[mzp-3.2.0.aar] AndroidManifest.xml:14:5-80
173-->[mzp-3.2.0.aar] AndroidManifest.xml:14:22-77
174    <uses-permission android:name="com.android.HelloH5.permission.C2D_MESSAGE" />
174-->[mzp-3.2.0.aar] AndroidManifest.xml:15:5-79
174-->[mzp-3.2.0.aar] AndroidManifest.xml:15:22-76
175
176    <permission
176-->[mzp-3.2.0.aar] AndroidManifest.xml:17:5-19:47
177        android:name="com.android.HelloH5.push.permission.MESSAGE"
177-->[mzp-3.2.0.aar] AndroidManifest.xml:18:9-64
178        android:protectionLevel="signature" />
178-->[mzp-3.2.0.aar] AndroidManifest.xml:19:9-44
179    <permission
179-->[mzp-3.2.0.aar] AndroidManifest.xml:20:5-22:47
180        android:name="com.android.HelloH5.permission.C2D_MESSAGE"
180-->[mzp-3.2.0.aar] AndroidManifest.xml:21:9-63
181        android:protectionLevel="signature" />
181-->[mzp-3.2.0.aar] AndroidManifest.xml:22:9-44
182
183    <uses-permission android:name="com.asus.msa.SupplementaryDID.ACCESS" />
183-->[oaid_sdk_1.0.25.aar] AndroidManifest.xml:13:5-76
183-->[oaid_sdk_1.0.25.aar] AndroidManifest.xml:13:22-73
184    <uses-permission android:name="freemme.permission.msa" />
184-->[oaid_sdk_1.0.25.aar] AndroidManifest.xml:15:5-62
184-->[oaid_sdk_1.0.25.aar] AndroidManifest.xml:15:22-59
185    <uses-permission android:name="com.coloros.mcs.permission.RECIEVE_MCS_MESSAGE" />
185-->[oppo-3.1.0.aar] AndroidManifest.xml:11:5-86
185-->[oppo-3.1.0.aar] AndroidManifest.xml:11:22-83
186    <uses-permission android:name="com.heytap.mcs.permission.RECIEVE_MCS_MESSAGE" />
186-->[oppo-3.1.0.aar] AndroidManifest.xml:12:5-85
186-->[oppo-3.1.0.aar] AndroidManifest.xml:12:22-82
187    <uses-permission android:name="com.meizu.flyme.permission.PUSH" />
187-->[push-internal-4.1.4.aar] AndroidManifest.xml:15:5-71
187-->[push-internal-4.1.4.aar] AndroidManifest.xml:15:22-68
188
189    <uses-feature android:glEsVersion="0x00020000" />
189-->[weex_gcanvas-release.aar] AndroidManifest.xml:11:5-54
189-->[weex_gcanvas-release.aar] AndroidManifest.xml:11:19-51
190
191    <permission
191-->[xmp-3.1.1.aar] AndroidManifest.xml:15:5-17:47
192        android:name="com.android.HelloH5.permission.MIPUSH_RECEIVE"
192-->[xmp-3.1.1.aar] AndroidManifest.xml:16:9-66
193        android:protectionLevel="signature" />
193-->[xmp-3.1.1.aar] AndroidManifest.xml:17:9-44
194
195    <uses-permission android:name="com.android.HelloH5.permission.MIPUSH_RECEIVE" />
195-->[xmp-3.1.1.aar] AndroidManifest.xml:19:5-82
195-->[xmp-3.1.1.aar] AndroidManifest.xml:19:22-79
196
197    <application
197-->src\main\AndroidManifest.xml:121:5-306:19
198        android:name="io.dcloud.application.DCloudApplication"
198-->src\main\AndroidManifest.xml:122:9-63
199        android:allowBackup="true"
199-->[gtsdk-3.2.9.0.aar] AndroidManifest.xml:31:9-35
200        android:allowClearUserData="true"
200-->src\main\AndroidManifest.xml:123:9-42
201        android:appComponentFactory="androidx.core.app.CoreComponentFactory"
201-->[androidx.core:core:1.0.0] AndroidManifest.xml:22:18-86
202        android:debuggable="true"
202-->src\main\AndroidManifest.xml:127:9-34
203        android:extractNativeLibs="true"
203-->[uniapp-v8-release.aar] AndroidManifest.xml:29:18-50
204        android:icon="@drawable/icon"
204-->src\main\AndroidManifest.xml:124:9-38
205        android:label="@string/app_name"
205-->src\main\AndroidManifest.xml:125:9-41
206        android:largeHeap="true"
206-->src\main\AndroidManifest.xml:126:9-33
207        android:requestLegacyExternalStorage="true"
207-->[openDefault-10.10.0.aar] AndroidManifest.xml:15:9-52
208        android:supportsRtl="true"
208-->[gtsdk-3.2.9.0.aar] AndroidManifest.xml:33:9-35
209        android:usesCleartextTraffic="true" >
209-->[aps-unipush-release.aar] AndroidManifest.xml:16:18-53
210        <activity
210-->src\main\AndroidManifest.xml:130:9-143:20
211            android:name="io.dcloud.PandoraEntry"
211-->src\main\AndroidManifest.xml:131:13-50
212            android:configChanges="orientation|keyboardHidden|keyboard|navigation"
212-->src\main\AndroidManifest.xml:132:13-83
213            android:hardwareAccelerated="true"
213-->src\main\AndroidManifest.xml:135:13-47
214            android:label="@string/app_name"
214-->src\main\AndroidManifest.xml:133:13-45
215            android:launchMode="singleTask"
215-->src\main\AndroidManifest.xml:134:13-44
216            android:screenOrientation="user"
216-->src\main\AndroidManifest.xml:137:13-45
217            android:theme="@style/TranslucentTheme"
217-->src\main\AndroidManifest.xml:136:13-52
218            android:windowSoftInputMode="adjustResize" >
218-->src\main\AndroidManifest.xml:138:13-55
219            <intent-filter>
219-->src\main\AndroidManifest.xml:139:13-142:29
220                <action android:name="android.intent.action.MAIN" />
220-->src\main\AndroidManifest.xml:140:17-69
220-->src\main\AndroidManifest.xml:140:25-66
221
222                <category android:name="android.intent.category.LAUNCHER" />
222-->src\main\AndroidManifest.xml:141:17-77
222-->src\main\AndroidManifest.xml:141:27-74
223            </intent-filter>
224        </activity>
225
226        <!-- Statistic(统计)-友盟统计 begin -->
227        <!-- 官方网站：http://www.umeng.com/analytics -->
228        <!-- meta-data节点android:name="UMENG_APPKEY"项中android:value值为友盟网站申请的APPKEY -->
229        <!-- meta-data节点android:name="UMENG_CHANNEL"项中android:value值为发行渠道标识，可任意取值，用于各种发行渠道效果统计 -->
230        <meta-data
230-->src\main\AndroidManifest.xml:149:9-151:40
231            android:name="UMENG_APPKEY"
231-->src\main\AndroidManifest.xml:150:13-40
232            android:value="友盟appkey" />
232-->src\main\AndroidManifest.xml:151:13-37
233        <meta-data
233-->src\main\AndroidManifest.xml:152:9-154:36
234            android:name="UMENG_CHANNEL"
234-->src\main\AndroidManifest.xml:153:13-41
235            android:value="友盟渠道" />
235-->src\main\AndroidManifest.xml:154:13-33
236        <!-- 友盟统计  配置  end -->
237
238
239        <!-- Maps(地图) begin -->
240        <!-- meta-data节点android:name="com.baidu.lbsapi.API_KEY"项中android:value值为百度地图应用的Appkey -->
241        <meta-data
241-->src\main\AndroidManifest.xml:159:9-161:36
242            android:name="com.baidu.lbsapi.API_KEY"
242-->src\main\AndroidManifest.xml:160:13-52
243            android:value="百度key" />
243-->src\main\AndroidManifest.xml:161:13-34
244        <!--  -->
245        <service
245-->src\main\AndroidManifest.xml:163:9-166:40
246            android:name="com.baidu.location.f"
246-->src\main\AndroidManifest.xml:164:13-48
247            android:enabled="true"
247-->src\main\AndroidManifest.xml:165:13-35
248            android:process=":remote" />
248-->src\main\AndroidManifest.xml:166:13-38
249        <!-- Maps(地图) end -->
250        <meta-data
250-->src\main\AndroidManifest.xml:168:9-169:36
251            android:name="com.amap.api.v2.apikey"
251-->src\main\AndroidManifest.xml:168:20-57
252            android:value="高德key" />
252-->src\main\AndroidManifest.xml:169:13-34
253
254        <service android:name="com.amap.api.location.APSService" />
254-->src\main\AndroidManifest.xml:170:9-68
254-->src\main\AndroidManifest.xml:170:18-65
255
256        <!-- Oauth 授权登陆 start -->
257        <!-- Oauth QQ start -->
258        <!-- QQ 分享 配置和授权登陆相同 -->
259        <meta-data
259-->src\main\AndroidManifest.xml:175:9-177:40
260            android:name="QQ_APPID"
260-->src\main\AndroidManifest.xml:176:13-36
261            android:value="QQ的appid" />
261-->src\main\AndroidManifest.xml:177:13-37
262
263        <activity
263-->src\main\AndroidManifest.xml:179:9-191:20
264            android:name="com.tencent.tauth.AuthActivity"
264-->src\main\AndroidManifest.xml:180:13-58
265            android:launchMode="singleTask"
265-->src\main\AndroidManifest.xml:181:13-44
266            android:noHistory="true" >
266-->src\main\AndroidManifest.xml:182:13-37
267            <intent-filter>
267-->src\main\AndroidManifest.xml:183:13-190:29
268                <action android:name="android.intent.action.VIEW" />
268-->src\main\AndroidManifest.xml:184:17-69
268-->src\main\AndroidManifest.xml:184:25-66
269
270                <category android:name="android.intent.category.DEFAULT" />
270-->src\main\AndroidManifest.xml:186:17-76
270-->src\main\AndroidManifest.xml:186:27-73
271                <category android:name="android.intent.category.BROWSABLE" />
271-->src\main\AndroidManifest.xml:187:17-78
271-->src\main\AndroidManifest.xml:187:27-75
272
273                <data android:scheme="QQ的appid" />
273-->src\main\AndroidManifest.xml:189:17-51
273-->src\main\AndroidManifest.xml:189:23-48
274            </intent-filter>
275        </activity>
276        <activity
276-->src\main\AndroidManifest.xml:192:9-195:75
277            android:name="com.tencent.connect.common.AssistActivity"
277-->src\main\AndroidManifest.xml:193:13-69
278            android:screenOrientation="portrait"
278-->src\main\AndroidManifest.xml:194:13-49
279            android:theme="@android:style/Theme.Translucent.NoTitleBar" />
279-->src\main\AndroidManifest.xml:195:13-72
280        <!-- Oauth QQ end -->
281
282
283        <!-- Oauth Sina start -->
284
285
286        <!-- Oauth Sina end -->
287        <!-- Oauth 授权登陆 end -->
288
289
290        <!-- Share(分享) begin -->
291        <!-- Share - 新浪微博分享 -->
292        <!-- 官方网站：http://open.weibo.com/ -->
293        <meta-data
293-->src\main\AndroidManifest.xml:208:9-210:39
294            android:name="SINA_REDIRECT_URI"
294-->src\main\AndroidManifest.xml:209:13-45
295            android:value="微博的回调地址" />
295-->src\main\AndroidManifest.xml:210:13-36
296        <meta-data
296-->src\main\AndroidManifest.xml:211:9-213:41
297            android:name="SINA_SECRET"
297-->src\main\AndroidManifest.xml:212:13-39
298            android:value="微博的secret" />
298-->src\main\AndroidManifest.xml:213:13-38
299        <meta-data
299-->src\main\AndroidManifest.xml:214:9-216:42
300            android:name="SINA_APPKEY"
300-->src\main\AndroidManifest.xml:215:13-39
301            android:value="_微博的appkey" />
301-->src\main\AndroidManifest.xml:216:13-39
302        <!-- 分享 -->
303
304
305        <!-- 微信分享 配置begin -->
306        <meta-data
306-->src\main\AndroidManifest.xml:220:9-222:41
307            android:name="WX_SECRET"
307-->src\main\AndroidManifest.xml:221:13-37
308            android:value="微信的secret" />
308-->src\main\AndroidManifest.xml:222:13-38
309        <meta-data
309-->src\main\AndroidManifest.xml:223:9-225:40
310            android:name="WX_APPID"
310-->src\main\AndroidManifest.xml:224:13-36
311            android:value="微信的appid" />
311-->src\main\AndroidManifest.xml:225:13-37
312
313        <activity
313-->src\main\AndroidManifest.xml:227:9-239:20
314            android:name="com.android.HelloH5.wxapi.WXEntryActivity"
314-->src\main\AndroidManifest.xml:228:13-50
315            android:exported="true"
315-->src\main\AndroidManifest.xml:229:13-36
316            android:label="@string/app_name"
316-->src\main\AndroidManifest.xml:230:13-45
317            android:launchMode="singleTop" >
317-->src\main\AndroidManifest.xml:231:13-43
318            <intent-filter>
318-->src\main\AndroidManifest.xml:232:13-238:29
319                <action android:name="android.intent.action.VIEW" />
319-->src\main\AndroidManifest.xml:184:17-69
319-->src\main\AndroidManifest.xml:184:25-66
320
321                <category android:name="android.intent.category.DEFAULT" />
321-->src\main\AndroidManifest.xml:186:17-76
321-->src\main\AndroidManifest.xml:186:27-73
322
323                <data android:scheme="微信的appid" />
323-->src\main\AndroidManifest.xml:189:17-51
323-->src\main\AndroidManifest.xml:189:23-48
324            </intent-filter>
325        </activity>
326        <!-- 微信分享 配置 end -->
327
328
329        <!-- 微信支付配置 start -->
330        <activity
330-->src\main\AndroidManifest.xml:243:9-246:46
331            android:name="com.android.HelloH5.wxapi.WXPayEntryActivity"
331-->src\main\AndroidManifest.xml:244:13-53
332            android:exported="true"
332-->src\main\AndroidManifest.xml:245:13-36
333            android:launchMode="singleTop" />
333-->src\main\AndroidManifest.xml:246:13-43
334
335        <meta-data
335-->src\main\AndroidManifest.xml:223:9-225:40
336            android:name="WX_APPID"
336-->src\main\AndroidManifest.xml:224:13-36
337            android:value="微信的appid" />
337-->src\main\AndroidManifest.xml:225:13-37
338
339        <!-- 微信支付配置end -->
340        <!-- 小米分享 -->
341        <meta-data
341-->src\main\AndroidManifest.xml:254:9-256:45
342            android:name="MIUI_APPID"
342-->src\main\AndroidManifest.xml:255:13-38
343            android:value="_%小米分享的APPID%" />
343-->src\main\AndroidManifest.xml:256:13-42
344        <meta-data
344-->src\main\AndroidManifest.xml:257:9-259:48
345            android:name="MIUI_APPSECRET"
345-->src\main\AndroidManifest.xml:258:13-42
346            android:value="%小米分享的appSecret%" />
346-->src\main\AndroidManifest.xml:259:13-45
347        <meta-data
347-->src\main\AndroidManifest.xml:260:9-262:43
348            android:name="MIUI_REDIRECT_URI"
348-->src\main\AndroidManifest.xml:261:13-45
349            android:value="%小米分享的回调地址%" />
349-->src\main\AndroidManifest.xml:262:13-40
350
351        <activity android:name="com.xiaomi.account.openauth.AuthorizeActivity" />
351-->src\main\AndroidManifest.xml:264:9-82
351-->src\main\AndroidManifest.xml:264:19-79
352        <!-- 小米分享 end -->
353        <!--
354        Dcloud 开屏广告配置>
355        <meta-data android:name="DCLOUD_STREAMAPP_CHANNEL" android:value="io.dcloud.H57BCF8D2|H57BCF8D2|12331280401"></meta-data>
356        <meta-data android:name="DCLOUD_AD_ID" android:value="-553621487"></meta-data>
357        <meta-data android:name="DCLOUD_AD_SPLASH" android:value="true"></meta-data>
358        < Dcloud 开屏广告配置
359        -->
360        <!-- 百度语音识别 start -->
361        <meta-data
361-->src\main\AndroidManifest.xml:272:9-87
362            android:name="com.baidu.speech.APP_ID"
362-->src\main\AndroidManifest.xml:272:20-58
363            android:value="百度语音的appid" />
363-->src\main\AndroidManifest.xml:272:59-85
364        <meta-data
364-->src\main\AndroidManifest.xml:273:9-89